2026-02-12T12:07:41 SCRIPT START (v1.9): settings=C:\Scripts\DWF Rename\v1.9\dwf_rename_settings.json paths=\\Usvaldcfs1.na.valmont.com\Cadshare\ORDERS\TP\cr713543
2026-02-12T12:07:41 WATCHER STARTED on \\Usvaldcfs1.na.valmont.com\Cadshare\ORDERS\TP\cr713543
2026-02-12T12:07:42 STATUS: online (1/1 folders reachable)
2026-02-12T12:37:42 REFRESHING WATCHER (age limit reached) on \\Usvaldcfs1.na.valmont.com\Cadshare\ORDERS\TP\cr713543
2026-02-12T12:37:42 WATCHER STOPPED on \\Usvaldcfs1.na.valmont.com\Cadshare\ORDERS\TP\cr713543
2026-02-12T12:37:42 WATCHER STARTED on \\Usvaldcfs1.na.valmont.com\Cadshare\ORDERS\TP\cr713543
2026-02-12T13:07:43 REFRESHING WATCHER (age limit reached) on \\Usvaldcfs1.na.valmont.com\Cadshare\ORDERS\TP\cr713543
2026-02-12T13:07:43 WATCHER STOPPED on \\Usvaldcfs1.na.valmont.com\Cadshare\ORDERS\TP\cr713543
2026-02-12T13:07:43 WATCHER STARTED on \\Usvaldcfs1.na.valmont.com\Cadshare\ORDERS\TP\cr713543
2026-02-12T13:37:47 REFRESHING WATCHER (age limit reached) on \\Usvaldcfs1.na.valmont.com\Cadshare\ORDERS\TP\cr713543
2026-02-12T13:37:47 WATCHER STOPPED on \\Usvaldcfs1.na.valmont.com\Cadshare\ORDERS\TP\cr713543
2026-02-12T13:37:47 WATCHER STARTED on \\Usvaldcfs1.na.valmont.com\Cadshare\ORDERS\TP\cr713543
2026-02-12T14:07:50 REFRESHING WATCHER (age limit reached) on \\Usvaldcfs1.na.valmont.com\Cadshare\ORDERS\TP\cr713543
2026-02-12T14:07:50 WATCHER STOPPED on \\Usvaldcfs1.na.valmont.com\Cadshare\ORDERS\TP\cr713543
2026-02-12T14:07:50 WATCHER STARTED on \\Usvaldcfs1.na.valmont.com\Cadshare\ORDERS\TP\cr713543
2026-02-12T14:37:55 REFRESHING WATCHER (age limit reached) on \\Usvaldcfs1.na.valmont.com\Cadshare\ORDERS\TP\cr713543
2026-02-12T14:37:55 WATCHER STOPPED on \\Usvaldcfs1.na.valmont.com\Cadshare\ORDERS\TP\cr713543
2026-02-12T14:37:55 WATCHER STARTED on \\Usvaldcfs1.na.valmont.com\Cadshare\ORDERS\TP\cr713543
2026-02-12T15:07:55 REFRESHING WATCHER (age limit reached) on \\Usvaldcfs1.na.valmont.com\Cadshare\ORDERS\TP\cr713543
2026-02-12T15:07:55 WATCHER STOPPED on \\Usvaldcfs1.na.valmont.com\Cadshare\ORDERS\TP\cr713543
2026-02-12T15:07:55 WATCHER STARTED on \\Usvaldcfs1.na.valmont.com\Cadshare\ORDERS\TP\cr713543
2026-02-12T15:38:00 REFRESHING WATCHER (age limit reached) on \\Usvaldcfs1.na.valmont.com\Cadshare\ORDERS\TP\cr713543
2026-02-12T15:38:00 WATCHER STOPPED on \\Usvaldcfs1.na.valmont.com\Cadshare\ORDERS\TP\cr713543
2026-02-12T15:38:00 WATCHER STARTED on \\Usvaldcfs1.na.valmont.com\Cadshare\ORDERS\TP\cr713543
2026-02-12T17:17:01 WATCHER STOPPED on \\Usvaldcfs1.na.valmont.com\Cadshare\ORDERS\TP\cr713543
2026-02-12T17:17:02 STATUS: offline (0/1 folders reachable)
2026-02-12T17:18:06 WATCHER STARTED on \\Usvaldcfs1.na.valmont.com\Cadshare\ORDERS\TP\cr713543
2026-02-12T17:18:07 STATUS: online (1/1 folders reachable)
2026-02-12T17:59:05 WATCHER STOPPED on \\Usvaldcfs1.na.valmont.com\Cadshare\ORDERS\TP\cr713543
2026-02-12T17:59:07 STATUS: offline (0/1 folders reachable)
2026-02-13T07:16:10 WATCHER STARTED on \\Usvaldcfs1.na.valmont.com\Cadshare\ORDERS\TP\cr713543
2026-02-13T07:16:25 STATUS: online (1/1 folders reachable)
2026-02-13T07:46:11 REFRESHING WATCHER (age limit reached) on \\Usvaldcfs1.na.valmont.com\Cadshare\ORDERS\TP\cr713543
2026-02-13T07:46:11 WATCHER STOPPED on \\Usvaldcfs1.na.valmont.com\Cadshare\ORDERS\TP\cr713543
2026-02-13T07:46:11 WATCHER STARTED on \\Usvaldcfs1.na.valmont.com\Cadshare\ORDERS\TP\cr713543
2026-02-13T08:02:37 SCRIPT START (v1.9): settings=C:\Scripts\DWF Rename\v1.9\dwf_rename_settings.json paths=\\Usvaldcfs1.na.valmont.com\Cadshare\ORDERS\TP\cr713543
2026-02-13T08:02:37 WATCHER STARTED on \\Usvaldcfs1.na.valmont.com\Cadshare\ORDERS\TP\cr713543
2026-02-13T08:02:37 STATUS: online (1/1 folders reachable)
2026-02-13T08:32:40 REFRESHING WATCHER (age limit reached) on \\Usvaldcfs1.na.valmont.com\Cadshare\ORDERS\TP\cr713543
2026-02-13T08:32:40 WATCHER STOPPED on \\Usvaldcfs1.na.valmont.com\Cadshare\ORDERS\TP\cr713543
2026-02-13T08:32:40 WATCHER STARTED on \\Usvaldcfs1.na.valmont.com\Cadshare\ORDERS\TP\cr713543
2026-02-13T09:02:44 REFRESHING WATCHER (age limit reached) on \\Usvaldcfs1.na.valmont.com\Cadshare\ORDERS\TP\cr713543
2026-02-13T09:02:44 WATCHER STOPPED on \\Usvaldcfs1.na.valmont.com\Cadshare\ORDERS\TP\cr713543
2026-02-13T09:02:45 WATCHER STARTED on \\Usvaldcfs1.na.valmont.com\Cadshare\ORDERS\TP\cr713543
2026-02-13T09:04:46 ARCHIVED: '100007149.dwf' -> 'Archive\100007149.20260213-090446.dwf'
2026-02-13T09:04:46 RENAMED: '100007149.idw.dwf' -> '100007149.dwf'
2026-02-13T09:32:45 REFRESHING WATCHER (age limit reached) on \\Usvaldcfs1.na.valmont.com\Cadshare\ORDERS\TP\cr713543
2026-02-13T09:32:45 WATCHER STOPPED on \\Usvaldcfs1.na.valmont.com\Cadshare\ORDERS\TP\cr713543
2026-02-13T09:32:45 WATCHER STARTED on \\Usvaldcfs1.na.valmont.com\Cadshare\ORDERS\TP\cr713543
2026-02-13T10:02:49 REFRESHING WATCHER (age limit reached) on \\Usvaldcfs1.na.valmont.com\Cadshare\ORDERS\TP\cr713543
2026-02-13T10:02:49 WATCHER STOPPED on \\Usvaldcfs1.na.valmont.com\Cadshare\ORDERS\TP\cr713543
2026-02-13T10:02:49 WATCHER STARTED on \\Usvaldcfs1.na.valmont.com\Cadshare\ORDERS\TP\cr713543
2026-02-13T10:32:54 REFRESHING WATCHER (age limit reached) on \\Usvaldcfs1.na.valmont.com\Cadshare\ORDERS\TP\cr713543
2026-02-13T10:32:54 WATCHER STOPPED on \\Usvaldcfs1.na.valmont.com\Cadshare\ORDERS\TP\cr713543
2026-02-13T10:32:55 WATCHER STARTED on \\Usvaldcfs1.na.valmont.com\Cadshare\ORDERS\TP\cr713543
2026-02-13T10:59:06 ARCHIVED: '100004022.dwf' -> 'Archive\100004022.20260213-105906.dwf'
2026-02-13T10:59:06 RENAMED: '100004022.idw.dwf' -> '100004022.dwf'
2026-02-13T10:59:42 ARCHIVED: '100004022.dwf' -> 'Archive\100004022.20260213-105942.dwf'
2026-02-13T10:59:42 RENAMED: '100004022.idw.dwf' -> '100004022.dwf'
2026-02-13T11:02:56 REFRESHING WATCHER (age limit reached) on \\Usvaldcfs1.na.valmont.com\Cadshare\ORDERS\TP\cr713543
2026-02-13T11:02:56 WATCHER STOPPED on \\Usvaldcfs1.na.valmont.com\Cadshare\ORDERS\TP\cr713543
2026-02-13T11:02:56 WATCHER STARTED on \\Usvaldcfs1.na.valmont.com\Cadshare\ORDERS\TP\cr713543
2026-02-13T11:23:32 ARCHIVED: '100005647.dwf' -> 'Archive\100005647.20260213-112332.dwf'
2026-02-13T11:23:33 RENAMED: '100005647.idw.dwf' -> '100005647.dwf'
2026-02-13T11:32:58 REFRESHING WATCHER (age limit reached) on \\Usvaldcfs1.na.valmont.com\Cadshare\ORDERS\TP\cr713543
2026-02-13T11:32:58 WATCHER STOPPED on \\Usvaldcfs1.na.valmont.com\Cadshare\ORDERS\TP\cr713543
2026-02-13T11:32:58 WATCHER STARTED on \\Usvaldcfs1.na.valmont.com\Cadshare\ORDERS\TP\cr713543
2026-02-13T12:03:03 REFRESHING WATCHER (age limit reached) on \\Usvaldcfs1.na.valmont.com\Cadshare\ORDERS\TP\cr713543
2026-02-13T12:03:03 WATCHER STOPPED on \\Usvaldcfs1.na.valmont.com\Cadshare\ORDERS\TP\cr713543
2026-02-13T12:03:03 WATCHER STARTED on \\Usvaldcfs1.na.valmont.com\Cadshare\ORDERS\TP\cr713543
2026-02-13T12:26:09 ARCHIVED: '100003980.dwf' -> 'Archive\100003980.20260213-122609.dwf'
2026-02-13T12:26:09 RENAMED: '100003980.idw.dwf' -> '100003980.dwf'
2026-02-13T12:33:07 REFRESHING WATCHER (age limit reached) on \\Usvaldcfs1.na.valmont.com\Cadshare\ORDERS\TP\cr713543
2026-02-13T12:33:07 WATCHER STOPPED on \\Usvaldcfs1.na.valmont.com\Cadshare\ORDERS\TP\cr713543
2026-02-13T12:33:07 WATCHER STARTED on \\Usvaldcfs1.na.valmont.com\Cadshare\ORDERS\TP\cr713543
2026-02-13T13:03:08 REFRESHING WATCHER (age limit reached) on \\Usvaldcfs1.na.valmont.com\Cadshare\ORDERS\TP\cr713543
2026-02-13T13:03:08 WATCHER STOPPED on \\Usvaldcfs1.na.valmont.com\Cadshare\ORDERS\TP\cr713543
2026-02-13T13:03:08 WATCHER STARTED on \\Usvaldcfs1.na.valmont.com\Cadshare\ORDERS\TP\cr713543
2026-02-13T13:14:01 ARCHIVED: '100004010.dwf' -> 'Archive\100004010.20260213-131401.dwf'
2026-02-13T13:14:01 RENAMED: '100004010.idw.dwf' -> '100004010.dwf'
2026-02-13T13:14:17 ARCHIVED: '100002605.dwf' -> 'Archive\100002605.20260213-131417.dwf'
2026-02-13T13:14:17 RENAMED: '100002605.idw.dwf' -> '100002605.dwf'
2026-02-13T13:16:05 ARCHIVED: '100004010.dwf' -> 'Archive\100004010.20260213-131605.dwf'
2026-02-13T13:16:05 RENAMED: '100004010.idw.dwf' -> '100004010.dwf'
2026-02-16T07:30:15 SCRIPT START (v1.9): settings=C:\Scripts\DWF Rename\v1.9\dwf_rename_settings.json paths=\\Usvaldcfs1.na.valmont.com\Cadshare\ORDERS\TP\cr713543
2026-02-16T07:30:15 WATCHER STARTED on \\Usvaldcfs1.na.valmont.com\Cadshare\ORDERS\TP\cr713543
2026-02-16T07:30:15 STATUS: online (1/1 folders reachable)
2026-02-16T08:00:15 REFRESHING WATCHER (age limit reached) on \\Usvaldcfs1.na.valmont.com\Cadshare\ORDERS\TP\cr713543
2026-02-16T08:00:15 WATCHER STOPPED on \\Usvaldcfs1.na.valmont.com\Cadshare\ORDERS\TP\cr713543
2026-02-16T08:00:15 WATCHER STARTED on \\Usvaldcfs1.na.valmont.com\Cadshare\ORDERS\TP\cr713543
2026-02-16T08:17:56 ARCHIVED: '100002590.dwf' -> 'Archive\100002590.20260216-081756.dwf'
2026-02-16T08:17:56 RENAMED: '100002590.idw.dwf' -> '100002590.dwf'
2026-02-16T08:18:12 ARCHIVED: '100004005.dwf' -> 'Archive\100004005.20260216-081812.dwf'
2026-02-16T08:18:12 RENAMED: '100004005.idw.dwf' -> '100004005.dwf'
2026-02-16T08:30:16 REFRESHING WATCHER (age limit reached) on \\Usvaldcfs1.na.valmont.com\Cadshare\ORDERS\TP\cr713543
2026-02-16T08:30:16 WATCHER STOPPED on \\Usvaldcfs1.na.valmont.com\Cadshare\ORDERS\TP\cr713543
2026-02-16T08:30:16 WATCHER STARTED on \\Usvaldcfs1.na.valmont.com\Cadshare\ORDERS\TP\cr713543
2026-02-16T09:00:19 REFRESHING WATCHER (age limit reached) on \\Usvaldcfs1.na.valmont.com\Cadshare\ORDERS\TP\cr713543
2026-02-16T09:00:19 WATCHER STOPPED on \\Usvaldcfs1.na.valmont.com\Cadshare\ORDERS\TP\cr713543
2026-02-16T09:00:19 WATCHER STARTED on \\Usvaldcfs1.na.valmont.com\Cadshare\ORDERS\TP\cr713543
2026-02-16T09:30:20 REFRESHING WATCHER (age limit reached) on \\Usvaldcfs1.na.valmont.com\Cadshare\ORDERS\TP\cr713543
2026-02-16T09:30:20 WATCHER STOPPED on \\Usvaldcfs1.na.valmont.com\Cadshare\ORDERS\TP\cr713543
2026-02-16T09:30:20 WATCHER STARTED on \\Usvaldcfs1.na.valmont.com\Cadshare\ORDERS\TP\cr713543
2026-02-16T10:00:23 REFRESHING WATCHER (age limit reached) on \\Usvaldcfs1.na.valmont.com\Cadshare\ORDERS\TP\cr713543
2026-02-16T10:00:23 WATCHER STOPPED on \\Usvaldcfs1.na.valmont.com\Cadshare\ORDERS\TP\cr713543
2026-02-16T10:00:23 WATCHER STARTED on \\Usvaldcfs1.na.valmont.com\Cadshare\ORDERS\TP\cr713543
2026-02-16T10:21:25 ARCHIVED: '100004013.dwf' -> 'Archive\100004013.20260216-102125.dwf'
2026-02-16T10:21:25 RENAMED: '100004013.idw.dwf' -> '100004013.dwf'
2026-02-16T10:26:56 ARCHIVED: '100004019.dwf' -> 'Archive\100004019.20260216-102656.dwf'
2026-02-16T10:26:56 RENAMED: '100004019.idw.dwf' -> '100004019.dwf'
2026-02-16T10:30:25 REFRESHING WATCHER (age limit reached) on \\Usvaldcfs1.na.valmont.com\Cadshare\ORDERS\TP\cr713543
2026-02-16T10:30:25 WATCHER STOPPED on \\Usvaldcfs1.na.valmont.com\Cadshare\ORDERS\TP\cr713543
2026-02-16T10:30:25 WATCHER STARTED on \\Usvaldcfs1.na.valmont.com\Cadshare\ORDERS\TP\cr713543
2026-02-16T11:00:28 REFRESHING WATCHER (age limit reached) on \\Usvaldcfs1.na.valmont.com\Cadshare\ORDERS\TP\cr713543
2026-02-16T11:00:28 WATCHER STOPPED on \\Usvaldcfs1.na.valmont.com\Cadshare\ORDERS\TP\cr713543
2026-02-16T11:00:28 WATCHER STARTED on \\Usvaldcfs1.na.valmont.com\Cadshare\ORDERS\TP\cr713543
2026-02-16T11:30:31 REFRESHING WATCHER (age limit reached) on \\Usvaldcfs1.na.valmont.com\Cadshare\ORDERS\TP\cr713543
2026-02-16T11:30:31 WATCHER STOPPED on \\Usvaldcfs1.na.valmont.com\Cadshare\ORDERS\TP\cr713543
2026-02-16T11:30:31 WATCHER STARTED on \\Usvaldcfs1.na.valmont.com\Cadshare\ORDERS\TP\cr713543
2026-02-16T12:00:33 REFRESHING WATCHER (age limit reached) on \\Usvaldcfs1.na.valmont.com\Cadshare\ORDERS\TP\cr713543
2026-02-16T12:00:33 WATCHER STOPPED on \\Usvaldcfs1.na.valmont.com\Cadshare\ORDERS\TP\cr713543
2026-02-16T12:00:33 WATCHER STARTED on \\Usvaldcfs1.na.valmont.com\Cadshare\ORDERS\TP\cr713543
2026-02-16T12:30:35 REFRESHING WATCHER (age limit reached) on \\Usvaldcfs1.na.valmont.com\Cadshare\ORDERS\TP\cr713543
2026-02-16T12:30:35 WATCHER STOPPED on \\Usvaldcfs1.na.valmont.com\Cadshare\ORDERS\TP\cr713543
2026-02-16T12:30:35 WATCHER STARTED on \\Usvaldcfs1.na.valmont.com\Cadshare\ORDERS\TP\cr713543
2026-02-16T13:00:37 REFRESHING WATCHER (age limit reached) on \\Usvaldcfs1.na.valmont.com\Cadshare\ORDERS\TP\cr713543
2026-02-16T13:00:37 WATCHER STOPPED on \\Usvaldcfs1.na.valmont.com\Cadshare\ORDERS\TP\cr713543
2026-02-16T13:00:37 WATCHER STARTED on \\Usvaldcfs1.na.valmont.com\Cadshare\ORDERS\TP\cr713543
2026-02-16T13:30:39 REFRESHING WATCHER (age limit reached) on \\Usvaldcfs1.na.valmont.com\Cadshare\ORDERS\TP\cr713543
2026-02-16T13:30:39 WATCHER STOPPED on \\Usvaldcfs1.na.valmont.com\Cadshare\ORDERS\TP\cr713543
2026-02-16T13:30:40 WATCHER STARTED on \\Usvaldcfs1.na.valmont.com\Cadshare\ORDERS\TP\cr713543
2026-02-16T14:00:42 REFRESHING WATCHER (age limit reached) on \\Usvaldcfs1.na.valmont.com\Cadshare\ORDERS\TP\cr713543
2026-02-16T14:00:42 WATCHER STOPPED on \\Usvaldcfs1.na.valmont.com\Cadshare\ORDERS\TP\cr713543
2026-02-16T14:00:42 WATCHER STARTED on \\Usvaldcfs1.na.valmont.com\Cadshare\ORDERS\TP\cr713543
2026-02-16T14:30:46 REFRESHING WATCHER (age limit reached) on \\Usvaldcfs1.na.valmont.com\Cadshare\ORDERS\TP\cr713543
2026-02-16T14:30:46 WATCHER STOPPED on \\Usvaldcfs1.na.valmont.com\Cadshare\ORDERS\TP\cr713543
2026-02-16T14:30:46 WATCHER STARTED on \\Usvaldcfs1.na.valmont.com\Cadshare\ORDERS\TP\cr713543
2026-02-16T15:00:49 REFRESHING WATCHER (age limit reached) on \\Usvaldcfs1.na.valmont.com\Cadshare\ORDERS\TP\cr713543
2026-02-16T15:00:49 WATCHER STOPPED on \\Usvaldcfs1.na.valmont.com\Cadshare\ORDERS\TP\cr713543
2026-02-16T15:00:49 WATCHER STARTED on \\Usvaldcfs1.na.valmont.com\Cadshare\ORDERS\TP\cr713543
2026-02-16T15:30:50 REFRESHING WATCHER (age limit reached) on \\Usvaldcfs1.na.valmont.com\Cadshare\ORDERS\TP\cr713543
2026-02-16T15:30:50 WATCHER STOPPED on \\Usvaldcfs1.na.valmont.com\Cadshare\ORDERS\TP\cr713543
2026-02-16T15:30:50 WATCHER STARTED on \\Usvaldcfs1.na.valmont.com\Cadshare\ORDERS\TP\cr713543
2026-02-16T16:00:53 REFRESHING WATCHER (age limit reached) on \\Usvaldcfs1.na.valmont.com\Cadshare\ORDERS\TP\cr713543
2026-02-16T16:00:53 WATCHER STOPPED on \\Usvaldcfs1.na.valmont.com\Cadshare\ORDERS\TP\cr713543
2026-02-16T16:00:53 WATCHER STARTED on \\Usvaldcfs1.na.valmont.com\Cadshare\ORDERS\TP\cr713543
2026-02-16T17:31:51 WATCHER STOPPED on \\Usvaldcfs1.na.valmont.com\Cadshare\ORDERS\TP\cr713543
2026-02-16T17:31:52 STATUS: offline (0/1 folders reachable)
2026-02-17T07:03:44 WATCHER STARTED on \\Usvaldcfs1.na.valmont.com\Cadshare\ORDERS\TP\cr713543
2026-02-17T07:03:48 STATUS: online (1/1 folders reachable)
2026-02-17T07:27:03 SCRIPT START (v1.9): settings=C:\Scripts\DWF Rename\v1.9\dwf_rename_settings.json paths=\\Usvaldcfs1.na.valmont.com\Cadshare\ORDERS\TP\cr713543
2026-02-17T07:27:03 WATCHER STARTED on \\Usvaldcfs1.na.valmont.com\Cadshare\ORDERS\TP\cr713543
2026-02-17T07:27:03 STATUS: online (1/1 folders reachable)
2026-02-17T07:55:01 RENAMED: '100014495.idw.dwf' -> '100014495.dwf'
2026-02-17T07:55:17 RENAMED: '100014496.idw.dwf' -> '100014496.dwf'
2026-02-17T07:55:33 RENAMED: '100014498.idw.dwf' -> '100014498.dwf'
2026-02-17T07:57:05 REFRESHING WATCHER (age limit reached) on \\Usvaldcfs1.na.valmont.com\Cadshare\ORDERS\TP\cr713543
2026-02-17T07:57:06 WATCHER STOPPED on \\Usvaldcfs1.na.valmont.com\Cadshare\ORDERS\TP\cr713543
2026-02-17T07:57:06 WATCHER STARTED on \\Usvaldcfs1.na.valmont.com\Cadshare\ORDERS\TP\cr713543
2026-02-17T08:03:53 WATCHER STOPPED on \\Usvaldcfs1.na.valmont.com\Cadshare\ORDERS\TP\cr713543
2026-02-17T08:03:57 STATUS: offline (0/1 folders reachable)
2026-02-17T09:10:47 WATCHER STARTED on \\Usvaldcfs1.na.valmont.com\Cadshare\ORDERS\TP\cr713543
2026-02-17T09:10:50 STATUS: online (1/1 folders reachable)
2026-02-17T10:30:32 REFRESHING WATCHER (age limit reached) on \\Usvaldcfs1.na.valmont.com\Cadshare\ORDERS\TP\cr713543
2026-02-17T10:30:32 WATCHER STOPPED on \\Usvaldcfs1.na.valmont.com\Cadshare\ORDERS\TP\cr713543
2026-02-17T10:30:32 WATCHER STARTED on \\Usvaldcfs1.na.valmont.com\Cadshare\ORDERS\TP\cr713543
2026-02-17T11:04:18 REFRESHING WATCHER (age limit reached) on \\Usvaldcfs1.na.valmont.com\Cadshare\ORDERS\TP\cr713543
2026-02-17T11:04:18 WATCHER STOPPED on \\Usvaldcfs1.na.valmont.com\Cadshare\ORDERS\TP\cr713543
2026-02-17T11:04:18 WATCHER STARTED on \\Usvaldcfs1.na.valmont.com\Cadshare\ORDERS\TP\cr713543
2026-02-17T11:34:21 REFRESHING WATCHER (age limit reached) on \\Usvaldcfs1.na.valmont.com\Cadshare\ORDERS\TP\cr713543
2026-02-17T11:34:21 WATCHER STOPPED on \\Usvaldcfs1.na.valmont.com\Cadshare\ORDERS\TP\cr713543
2026-02-17T11:34:21 WATCHER STARTED on \\Usvaldcfs1.na.valmont.com\Cadshare\ORDERS\TP\cr713543
2026-02-17T12:04:23 REFRESHING WATCHER (age limit reached) on \\Usvaldcfs1.na.valmont.com\Cadshare\ORDERS\TP\cr713543
2026-02-17T12:04:23 WATCHER STOPPED on \\Usvaldcfs1.na.valmont.com\Cadshare\ORDERS\TP\cr713543
2026-02-17T12:04:23 WATCHER STARTED on \\Usvaldcfs1.na.valmont.com\Cadshare\ORDERS\TP\cr713543
2026-02-17T12:34:25 REFRESHING WATCHER (age limit reached) on \\Usvaldcfs1.na.valmont.com\Cadshare\ORDERS\TP\cr713543
2026-02-17T12:34:25 WATCHER STOPPED on \\Usvaldcfs1.na.valmont.com\Cadshare\ORDERS\TP\cr713543
2026-02-17T12:34:25 WATCHER STARTED on \\Usvaldcfs1.na.valmont.com\Cadshare\ORDERS\TP\cr713543
2026-02-17T13:04:27 REFRESHING WATCHER (age limit reached) on \\Usvaldcfs1.na.valmont.com\Cadshare\ORDERS\TP\cr713543
2026-02-17T13:04:27 WATCHER STOPPED on \\Usvaldcfs1.na.valmont.com\Cadshare\ORDERS\TP\cr713543
2026-02-17T13:04:27 WATCHER STARTED on \\Usvaldcfs1.na.valmont.com\Cadshare\ORDERS\TP\cr713543
2026-02-17T13:34:30 REFRESHING WATCHER (age limit reached) on \\Usvaldcfs1.na.valmont.com\Cadshare\ORDERS\TP\cr713543
2026-02-17T13:34:30 WATCHER STOPPED on \\Usvaldcfs1.na.valmont.com\Cadshare\ORDERS\TP\cr713543
2026-02-17T13:34:30 WATCHER STARTED on \\Usvaldcfs1.na.valmont.com\Cadshare\ORDERS\TP\cr713543
2026-02-17T14:04:33 REFRESHING WATCHER (age limit reached) on \\Usvaldcfs1.na.valmont.com\Cadshare\ORDERS\TP\cr713543
2026-02-17T14:04:33 WATCHER STOPPED on \\Usvaldcfs1.na.valmont.com\Cadshare\ORDERS\TP\cr713543
2026-02-17T14:04:33 WATCHER STARTED on \\Usvaldcfs1.na.valmont.com\Cadshare\ORDERS\TP\cr713543
2026-02-17T14:34:34 REFRESHING WATCHER (age limit reached) on \\Usvaldcfs1.na.valmont.com\Cadshare\ORDERS\TP\cr713543
2026-02-17T14:34:34 WATCHER STOPPED on \\Usvaldcfs1.na.valmont.com\Cadshare\ORDERS\TP\cr713543
2026-02-17T14:34:34 WATCHER STARTED on \\Usvaldcfs1.na.valmont.com\Cadshare\ORDERS\TP\cr713543
2026-02-17T15:04:37 REFRESHING WATCHER (age limit reached) on \\Usvaldcfs1.na.valmont.com\Cadshare\ORDERS\TP\cr713543
2026-02-17T15:04:37 WATCHER STOPPED on \\Usvaldcfs1.na.valmont.com\Cadshare\ORDERS\TP\cr713543
2026-02-17T15:04:37 WATCHER STARTED on \\Usvaldcfs1.na.valmont.com\Cadshare\ORDERS\TP\cr713543
2026-02-17T15:34:40 REFRESHING WATCHER (age limit reached) on \\Usvaldcfs1.na.valmont.com\Cadshare\ORDERS\TP\cr713543
2026-02-17T15:34:40 WATCHER STOPPED on \\Usvaldcfs1.na.valmont.com\Cadshare\ORDERS\TP\cr713543
2026-02-17T15:34:40 WATCHER STARTED on \\Usvaldcfs1.na.valmont.com\Cadshare\ORDERS\TP\cr713543
2026-02-17T16:04:41 REFRESHING WATCHER (age limit reached) on \\Usvaldcfs1.na.valmont.com\Cadshare\ORDERS\TP\cr713543
2026-02-17T16:04:41 WATCHER STOPPED on \\Usvaldcfs1.na.valmont.com\Cadshare\ORDERS\TP\cr713543
2026-02-17T16:04:41 WATCHER STARTED on \\Usvaldcfs1.na.valmont.com\Cadshare\ORDERS\TP\cr713543
2026-02-17T16:14:14 WATCHER STOPPED on \\Usvaldcfs1.na.valmont.com\Cadshare\ORDERS\TP\cr713543
2026-02-17T16:14:18 STATUS: offline (0/1 folders reachable)
2026-02-17T16:14:33 WATCHER STARTED on \\Usvaldcfs1.na.valmont.com\Cadshare\ORDERS\TP\cr713543
2026-02-17T16:14:33 STATUS: online (1/1 folders reachable)
2026-02-17T16:16:41 WATCHER STOPPED on \\Usvaldcfs1.na.valmont.com\Cadshare\ORDERS\TP\cr713543
2026-02-17T16:16:41 STATUS: offline (0/1 folders reachable)
2026-02-23T08:22:02 SCRIPT START (v1.9): settings=C:\Scripts\DWF Rename\v1.9\dwf_rename_settings.json paths=\\Usvaldcfs1.na.valmont.com\Cadshare\ORDERS\TP\cr713543
2026-02-23T08:22:02 WATCHER STARTED on \\Usvaldcfs1.na.valmont.com\Cadshare\ORDERS\TP\cr713543
2026-02-23T08:22:02 STATUS: online (1/1 folders reachable)
2026-02-23T08:41:40 SCRIPT START (v1.9): settings=C:\Scripts\DWF Rename\v1.9\dwf_rename_settings.json paths=\\Usvaldcfs1.na.valmont.com\Cadshare\ORDERS\TP\cr713543
2026-02-23T08:41:40 WATCHER STARTED on \\Usvaldcfs1.na.valmont.com\Cadshare\ORDERS\TP\cr713543
2026-02-23T08:41:40 STATUS: online (1/1 folders reachable)
2026-02-23T08:57:33 RENAMED: '100014903.idw.dwf' -> '100014903.dwf'
2026-02-23T09:11:42 REFRESHING WATCHER (age limit reached) on \\Usvaldcfs1.na.valmont.com\Cadshare\ORDERS\TP\cr713543
2026-02-23T09:11:42 WATCHER STOPPED on \\Usvaldcfs1.na.valmont.com\Cadshare\ORDERS\TP\cr713543
2026-02-23T09:11:42 WATCHER STARTED on \\Usvaldcfs1.na.valmont.com\Cadshare\ORDERS\TP\cr713543
2026-02-23T09:41:46 REFRESHING WATCHER (age limit reached) on \\Usvaldcfs1.na.valmont.com\Cadshare\ORDERS\TP\cr713543
2026-02-23T09:41:46 WATCHER STOPPED on \\Usvaldcfs1.na.valmont.com\Cadshare\ORDERS\TP\cr713543
2026-02-23T09:41:46 WATCHER STARTED on \\Usvaldcfs1.na.valmont.com\Cadshare\ORDERS\TP\cr713543
2026-02-23T10:11:48 REFRESHING WATCHER (age limit reached) on \\Usvaldcfs1.na.valmont.com\Cadshare\ORDERS\TP\cr713543
2026-02-23T10:11:48 WATCHER STOPPED on \\Usvaldcfs1.na.valmont.com\Cadshare\ORDERS\TP\cr713543
2026-02-23T10:11:48 WATCHER STARTED on \\Usvaldcfs1.na.valmont.com\Cadshare\ORDERS\TP\cr713543
2026-02-23T10:41:50 REFRESHING WATCHER (age limit reached) on \\Usvaldcfs1.na.valmont.com\Cadshare\ORDERS\TP\cr713543
2026-02-23T10:41:50 WATCHER STOPPED on \\Usvaldcfs1.na.valmont.com\Cadshare\ORDERS\TP\cr713543
2026-02-23T10:41:50 WATCHER STARTED on \\Usvaldcfs1.na.valmont.com\Cadshare\ORDERS\TP\cr713543
2026-02-23T11:11:55 REFRESHING WATCHER (age limit reached) on \\Usvaldcfs1.na.valmont.com\Cadshare\ORDERS\TP\cr713543
2026-02-23T11:11:55 WATCHER STOPPED on \\Usvaldcfs1.na.valmont.com\Cadshare\ORDERS\TP\cr713543
2026-02-23T11:11:55 WATCHER STARTED on \\Usvaldcfs1.na.valmont.com\Cadshare\ORDERS\TP\cr713543
2026-02-23T11:34:13 RENAMED: '100001605.idw.dwf' -> '100001605.dwf'
2026-02-23T11:34:29 RENAMED: '100016342.idw.dwf' -> '100016342.dwf'
2026-02-23T11:35:41 RENAMED: '100016342.idw.dwf' -> '100016342.dwf'
2026-02-23T11:37:14 RENAMED: '100001605.idw.dwf' -> '100001605.dwf'
2026-02-23T11:41:57 REFRESHING WATCHER (age limit reached) on \\Usvaldcfs1.na.valmont.com\Cadshare\ORDERS\TP\cr713543
2026-02-23T11:41:57 WATCHER STOPPED on \\Usvaldcfs1.na.valmont.com\Cadshare\ORDERS\TP\cr713543
2026-02-23T11:41:57 WATCHER STARTED on \\Usvaldcfs1.na.valmont.com\Cadshare\ORDERS\TP\cr713543
2026-02-23T12:11:59 REFRESHING WATCHER (age limit reached) on \\Usvaldcfs1.na.valmont.com\Cadshare\ORDERS\TP\cr713543
2026-02-23T12:11:59 WATCHER STOPPED on \\Usvaldcfs1.na.valmont.com\Cadshare\ORDERS\TP\cr713543
2026-02-23T12:11:59 WATCHER STARTED on \\Usvaldcfs1.na.valmont.com\Cadshare\ORDERS\TP\cr713543
2026-02-23T12:38:19 RENAMED: '100016334.idw.dwf' -> '100016334.dwf'
2026-02-23T12:38:35 RENAMED: '100016333.idw.dwf' -> '100016333.dwf'
2026-02-23T12:40:13 RENAMED: '100016333.idw.dwf' -> '100016333.dwf'
2026-02-23T12:40:29 RENAMED: '100016334.idw.dwf' -> '100016334.dwf'
2026-02-23T12:42:01 REFRESHING WATCHER (age limit reached) on \\Usvaldcfs1.na.valmont.com\Cadshare\ORDERS\TP\cr713543
2026-02-23T12:42:01 WATCHER STOPPED on \\Usvaldcfs1.na.valmont.com\Cadshare\ORDERS\TP\cr713543
2026-02-23T12:42:01 WATCHER STARTED on \\Usvaldcfs1.na.valmont.com\Cadshare\ORDERS\TP\cr713543
2026-02-23T12:45:40 RENAMED: '100002583.idw.dwf' -> '100002583.dwf'
2026-02-23T12:46:01 RENAMED: '100002586.idw.dwf' -> '100002586.dwf'
2026-02-23T12:47:32 ARCHIVED: '100002586.dwf' -> 'Archive\100002586.20260223-124732.dwf'
2026-02-23T12:47:32 RENAMED: '100002586.idw.dwf' -> '100002586.dwf'
2026-02-23T12:47:48 ARCHIVED: '100002583.dwf' -> 'Archive\100002583.20260223-124748.dwf'
2026-02-23T12:47:48 RENAMED: '100002583.idw.dwf' -> '100002583.dwf'
2026-02-23T13:12:02 REFRESHING WATCHER (age limit reached) on \\Usvaldcfs1.na.valmont.com\Cadshare\ORDERS\TP\cr713543
2026-02-23T13:12:02 WATCHER STOPPED on \\Usvaldcfs1.na.valmont.com\Cadshare\ORDERS\TP\cr713543
2026-02-23T13:12:02 WATCHER STARTED on \\Usvaldcfs1.na.valmont.com\Cadshare\ORDERS\TP\cr713543
